C51 COMPILER V9.54   MAIN                                                                  03/04/2025 15:42:28 PAGE 1   


C51 COMPILER V9.54, COMPILATION OF MODULE MAIN
OBJECT MODULE PLACED IN .\Objects\main.obj
COMPILER INVOKED BY: D:\keil5\C51\BIN\C51.EXE main.c OPTIMIZE(8,SPEED) BROWSE DEBUG OBJECTEXTEND PRINT(.\Listings\main.l
                    -st) TABS(2) OBJECT(.\Objects\main.obj)

line level    source

   1          #include <REGX52.H>
   2          #include <INTRINS.H>
   3          void Delay500ms(void) //@11.0592MHz
   4          {
   5   1        unsigned char data i, j, k;
   6   1      
   7   1        _nop_();
   8   1        i = 4;
   9   1        j = 129;
  10   1        k = 119;
  11   1        do
  12   1        {
  13   2          do
  14   2          {
  15   3            while (--k);
  16   3          } while (--j);
  17   2        } while (--i);
  18   1      }
  19          void Delay350ms(void) //@11.0592MHz
  20          {
  21   1        unsigned char data i, j, k;
  22   1      
  23   1        _nop_();
  24   1        i = 3;
  25   1        j = 116;
  26   1        k = 133;
  27   1        do
  28   1        {
  29   2          do
  30   2          {
  31   3            while (--k);
  32   3          } while (--j);
  33   2        } while (--i);
  34   1      }
  35          void Delay250ms(void) //@11.0592MHz
  36          {
  37   1        unsigned char data i, j, k;
  38   1      
  39   1        _nop_();
  40   1        i = 2;
  41   1        j = 193;
  42   1        k = 57;
  43   1        do
  44   1        {
  45   2          do
  46   2          {
  47   3            while (--k);
  48   3          } while (--j);
  49   2        } while (--i);
  50   1      }
  51          
  52          
  53          
  54          void main(){
C51 COMPILER V9.54   MAIN                                                                  03/04/2025 15:42:28 PAGE 2   

  55   1        int array[8]={0xFE,0xFD,0xFB,0xF7,0xEF,0xDF,0xBF,0x7F};
  56   1        int i=0;
  57   1        
  58   1      
  59   1        while(1){
  60   2          for(i=0;i<7;i++){
  61   3          P2=array[i];
  62   3          Delay500ms();
  63   3        }
  64   2          P2=array[7];
  65   2          Delay350ms();
  66   2        
  67   2          for(i=6;i>0;i--){
  68   3          P2=array[i];
  69   3          Delay500ms();
  70   3        }
  71   2          P2=array[0];
  72   2          //Delay250ms();
  73   2        }
  74   1      
  75   1      }


MODULE INFORMATION:   STATIC OVERLAYABLE
   CODE SIZE        =    115    ----
   CONSTANT SIZE    =     16    ----
   XDATA SIZE       =   ----    ----
   PDATA SIZE       =   ----    ----
   DATA SIZE        =   ----      16
   IDATA SIZE       =   ----    ----
   BIT SIZE         =   ----    ----
END OF MODULE INFORMATION.


C51 COMPILATION COMPLETE.  0 WARNING(S),  0 ERROR(S)
