C51 COMPILER V9.54   MAIN                                                                  03/06/2025 01:16:36 PAGE 1   


C51 COMPILER V9.54, COMPILATION OF MODULE MAIN
OBJECT MODULE PLACED IN .\Objects\main.obj
COMPILER INVOKED BY: D:\keil5\C51\BIN\C51.EXE main.c OPTIMIZE(8,SPEED) BROWSE DEBUG OBJECTEXTEND PRINT(.\Listings\main.l
                    -st) OBJECT(.\Objects\main.obj)

line level    source

   1          #include <REGX52.H>
   2          #include <INTRINS.H>
   3          
   4          void Delay1ms(unsigned int time)        //@11.0592MHz
   5          {
   6   1              unsigned char data i, j;
   7   1              _nop_();
   8   1              
   9   1              while(time){
  10   2                      i = 2;
  11   2                      j = 199;
  12   2                      do
  13   2                      {
  14   3                              while (--j);
  15   3                      } while (--i);
  16   2                      time--;
  17   2              }
  18   1      }
  19          
  20          
  21          void main() {
  22   1              while(1){
  23   2                      if(P3_1==0){
  24   3                              Delay1ms(20);
  25   3                              while(P3_1==0)
  26   3                              Delay1ms(20);
  27   3                              P2_0=~P2_0;
  28   3                      }
  29   2              }
  30   1      }


MODULE INFORMATION:   STATIC OVERLAYABLE
   CODE SIZE        =     42    ----
   CONSTANT SIZE    =   ----    ----
   XDATA SIZE       =   ----    ----
   PDATA SIZE       =   ----    ----
   DATA SIZE        =   ----    ----
   IDATA SIZE       =   ----    ----
   BIT SIZE         =   ----    ----
END OF MODULE INFORMATION.


C51 COMPILATION COMPLETE.  0 WARNING(S),  0 ERROR(S)
